<?xml version="1.0" encoding="UTF-8"?>
<testng-results ignored="0" total="1" passed="1" failed="0" skipped="0">
  <reporter-output>
  </reporter-output>
  <suite started-at="2021-10-12T10:58:26 IST" name="Default suite" finished-at="2021-10-12T10:58:41 IST" duration-ms="15522">
    <groups>
    </groups>
    <test started-at="2021-10-12T10:58:26 IST" name="Default test" finished-at="2021-10-12T10:58:41 IST" duration-ms="15522">
      <class name="testScript.Practice">
        <test-method signature="hidden()[pri:0, instance:testScript.Practice@769f71a9]" started-at="2021-10-12T10:58:26 IST" name="hidden" finished-at="2021-10-12T10:58:41 IST" duration-ms="15486" status="PASS">
          <reporter-output>
          </reporter-output>
        </test-method> <!-- hidden -->
      </class> <!-- testScript.Practice -->
    </test> <!-- Default test -->
  </suite> <!-- Default suite -->
</testng-results>
