<?xml version="1.0" encoding="UTF-8"?>
<!-- Generated by org.testng.reporters.JUnitXMLReporter -->
<testsuite ignored="2" hostname="LAPTOP-BH41G14T" failures="0" tests="2" name="Test" time="47.395" errors="0" timestamp="2021-10-09T19:32:13 IST">
  <testcase classname="testScript.TC2" name="organisationCheckBox" time="18.759"/>
  <testcase classname="testScript.ConvertLeadToOpportunityTest" name="convertLeadToOpportunityTest" time="17.96"/>
  <testcase classname="com.crm.vlion.GenericUtility.BasaClass" name="@AfterSuite closeDB" time="0.0">
    <ignored/>
  </testcase> <!-- @AfterSuite closeDB -->
  <testcase classname="com.crm.vlion.GenericUtility.BasaClass" name="@BeforeSuite launchBrowser" time="0.0">
    <ignored/>
  </testcase> <!-- @BeforeSuite launchBrowser -->
</testsuite> <!-- Test -->
