<?xml version="1.0" encoding="UTF-8"?>
<!-- Generated by org.testng.reporters.JUnitXMLReporter -->
<testsuite ignored="2" hostname="LAPTOP-BH41G14T" failures="0" tests="2" name="Test runner 2" time="99.016" errors="0" timestamp="2021-10-09T15:41:41 IST">
  <testcase classname="testScript.TC_3" name="onlyOpportunityCheckBox" time="37.005"/>
  <testcase classname="testScript.ConvertLeadToOpportunityTest" name="convertLeadToOpportunityTest" time="40.704"/>
  <testcase classname="com.crm.vlion.GenericUtility.BasaClass" name="@AfterSuite closeDB" time="0.0">
    <ignored/>
  </testcase> <!-- @AfterSuite closeDB -->
  <testcase classname="com.crm.vlion.GenericUtility.BasaClass" name="@BeforeSuite launchBrowser" time="0.0">
    <ignored/>
  </testcase> <!-- @BeforeSuite launchBrowser -->
</testsuite> <!-- Test runner 2 -->
